<?xml version="1.0" encoding="UTF-8"?>
<!-- Generated by org.testng.reporters.JUnitReportReporter -->
<testsuite hostname="BiLap103-PC" failures="0" tests="1" name="TestCases.CheckPaymentTypes" time="117.584" errors="0" timestamp="2021-06-20T16:07:39 EET" skipped="0">
  <testcase classname="TestCases.CheckPaymentTypes" name="checkBankTransferPayment" time="117.584"/>
  <system-out/>
</testsuite> <!-- TestCases.CheckPaymentTypes -->
