<?xml version="1.0" encoding="UTF-8"?>
<!-- Generated by org.testng.reporters.JUnitReportReporter -->
<testsuite hostname="BiLap103-PC" failures="0" tests="1" name="TestCases.CheckInventory" time="25.170" errors="0" timestamp="2021-08-29T03:48:47 EET" skipped="0">
  <testcase classname="TestCases.CheckInventory" name="checkArrowForItemDetails" time="25.170"/>
  <system-out/>
</testsuite> <!-- TestCases.CheckInventory -->
