<?xml version="1.0" encoding="UTF-8"?>
<!-- Generated by org.testng.reporters.JUnitReportReporter -->
<testsuite hostname="BiLap103-PC" failures="0" tests="8" name="TestCases.CheckSalesOrders" time="408.510" errors="0" timestamp="2021-07-07T13:48:56 EET" skipped="0">
  <testcase classname="TestCases.CheckSalesOrders" name="checkDefaultUnit" time="49.640"/>
  <system-out/>
  <testcase classname="TestCases.CheckSalesOrders" name="checkItemInfoReflectInOrderConfirmation" time="54.653"/>
  <system-out/>
  <testcase classname="TestCases.CheckSalesOrders" name="checkScreenInfoOfItem" time="56.654"/>
  <system-out/>
  <testcase classname="TestCases.CheckSalesOrders" name="checkSearch" time="59.123"/>
  <system-out/>
  <testcase classname="TestCases.CheckSalesOrders" name="checkPaymentTypes" time="34.274"/>
  <system-out/>
  <testcase classname="TestCases.CheckSalesOrders" name="checkUnitPrice" time="56.923"/>
  <system-out/>
  <testcase classname="TestCases.CheckSalesOrders" name="checkConvertAllItems" time="49.450"/>
  <system-out/>
  <testcase classname="TestCases.CheckSalesOrders" name="checkAvaibleQuantity" time="47.793"/>
  <system-out/>
</testsuite> <!-- TestCases.CheckSalesOrders -->
