<?xml version="1.0" encoding="UTF-8"?>
<!-- Generated by org.testng.reporters.JUnitReportReporter -->
<testsuite hostname="BiLap103-PC" failures="0" tests="3" name="TestCases.CheckPromotion" time="59.755" errors="0" timestamp="2021-05-03T14:41:03 EET" skipped="0">
  <testcase classname="TestCases.CheckPromotion" name="Login" time="8.661"/>
  <system-out/>
  <testcase classname="TestCases.CheckPromotion" name="check_promotion" time="21.997"/>
  <system-out/>
  <testcase classname="TestCases.CheckPromotion" name="check_invoice" time="29.097"/>
  <system-out/>
</testsuite> <!-- TestCases.CheckPromotion -->
