<?xml version="1.0" encoding="UTF-8"?>
<!-- Generated by org.testng.reporters.JUnitReportReporter -->
<testsuite hostname="BiLap103-PC" failures="0" tests="1" name="TestCases.CheckSalesOrders" time="75.955" errors="0" timestamp="2021-07-25T19:50:01 EET" skipped="0">
  <testcase classname="TestCases.CheckSalesOrders" name="checkUnitMeasureScreenAndUpdate" time="75.955"/>
  <system-out/>
</testsuite> <!-- TestCases.CheckSalesOrders -->
