<?xml version="1.0" encoding="UTF-8"?>
<!-- Generated by org.testng.reporters.JUnitReportReporter -->
<testsuite hostname="BiLap103-PC" failures="0" tests="1" name="TestCases.CheckProductPrice" time="77.323" errors="0" timestamp="2021-05-11T12:11:23 EET" skipped="0">
  <testcase classname="TestCases.CheckProductPrice" name="checkProductprice" time="77.323"/>
  <system-out/>
</testsuite> <!-- TestCases.CheckProductPrice -->
