<?xml version="1.0" encoding="UTF-8"?>
<!-- Generated by org.testng.reporters.JUnitReportReporter -->
<testsuite hostname="BiLap103-PC" failures="0" tests="1" name="TestCases.CheckPaymentTypes" time="74.613" errors="0" timestamp="2021-07-07T13:48:56 EET" skipped="0">
  <testcase classname="TestCases.CheckPaymentTypes" name="checkCashPayment" time="74.613"/>
  <system-out/>
</testsuite> <!-- TestCases.CheckPaymentTypes -->
