<?xml version="1.0" encoding="UTF-8"?>
<!-- Generated by org.testng.reporters.JUnitReportReporter -->
<testsuite hostname="BiLap103-PC" failures="0" tests="1" name="TestCases.CheckPromotion" time="70.597" errors="0" timestamp="2021-05-10T02:59:43 EET" skipped="0">
  <testcase classname="TestCases.CheckPromotion" name="checkpromotion" time="70.597"/>
  <system-out/>
</testsuite> <!-- TestCases.CheckPromotion -->
